2026-05-11 15:31:27,028 [INFO] Device: cuda
2026-05-11 15:31:27,028 [INFO] BasinBreaker v2 - Hyperparameter Sweep
2026-05-11 15:31:27,780 [INFO] Data split: D0=42500, Defense=2500
2026-05-11 15:31:27,780 [INFO] Poison samples: 4250 (10.0% of D0)
2026-05-11 15:31:27,783 [INFO] Loading attack model from /root/workspace/aaai-backdoor/baselines/badnet+sbl/logs/0511_BasinBreaker防御实验/sam_attack_model_20260511_150527.pt
2026-05-11 15:31:29,018 [INFO] Attack model: CA=93.02%, ASR=99.88%
2026-05-11 15:31:29,018 [INFO] 
============================================================
2026-05-11 15:31:29,018 [INFO] Config: A_full_shrink
2026-05-11 15:31:29,018 [INFO] Params: {'top_ratio': 0.1, 'do_sharpness': True, 'ascent_steps': 30, 'ascent_eps': 0.01, 'ascent_lr': 0.003, 'max_grad_norm': 1.0, 'do_reset': True, 'reset_strategy': 'shrink', 'reset_ratio': 0.5, 'do_unlearn': True, 'unlearn_epochs': 20, 'unlearn_lr': 0.005}
2026-05-11 15:31:29,018 [INFO] ============================================================
2026-05-11 15:31:29,778 [INFO] Before defense: CA=93.02%, ASR=99.88%
2026-05-11 15:31:29,778 [INFO] === Step 1: Backdoor Subspace Identification ===
2026-05-11 15:31:30,466 [INFO]   Subspace: 1117397/11173962 params (10.0%)
2026-05-11 15:31:30,467 [INFO] === Step 2: Sharpness Ascent v2 (eps=0.01, lr=0.003, steps=30) ===
2026-05-11 15:31:30,937 [INFO]   Step 1/30: loss=0.1964, CA~96.9%, ASR~100.0%
2026-05-11 15:31:33,037 [INFO]   Step 10/30: loss=0.3086, CA~90.6%, ASR~100.0%
2026-05-11 15:31:35,591 [INFO]   Step 20/30: loss=0.4377, CA~89.8%, ASR~100.0%
2026-05-11 15:31:38,002 [INFO]   Step 30/30: loss=0.1423, CA~91.4%, ASR~100.0%
2026-05-11 15:31:38,741 [INFO] After Step 2: CA=92.86%, ASR=100.00%
2026-05-11 15:31:38,742 [INFO] === Step 3: Subspace Reset (strategy=shrink, ratio=0.5) ===
2026-05-11 15:31:38,747 [INFO]   Shrunk 1117397 parameters by factor 0.50
2026-05-11 15:31:39,448 [INFO] After Step 3: CA=10.00%, ASR=0.00%
2026-05-11 15:31:39,449 [INFO] === Step 4: Backdoor Unlearning (20 epochs, lr=0.005) ===
2026-05-11 15:31:40,405 [INFO]   [Unlearn] Epoch 1/20: loss=-1.5172, CA~78.1%, ASR~7.1%
2026-05-11 15:31:43,180 [INFO]   [Unlearn] Epoch 5/20: loss=-10.5519, CA~87.5%, ASR~0.0%
2026-05-11 15:31:46,611 [INFO]   [Unlearn] Epoch 10/20: loss=-25.4138, CA~88.3%, ASR~0.0%
2026-05-11 15:31:50,086 [INFO]   [Unlearn] Epoch 15/20: loss=-41.6173, CA~84.4%, ASR~0.0%
2026-05-11 15:31:53,529 [INFO]   [Unlearn] Epoch 20/20: loss=-58.1314, CA~87.5%, ASR~0.0%
2026-05-11 15:31:53,530 [INFO]   Unlearning complete.
2026-05-11 15:31:54,245 [INFO] After Step 4: CA=77.58%, ASR=0.69%
2026-05-11 15:31:54,246 [INFO] === A_full_shrink-FT: 30 epochs, lr=0.005 ===
2026-05-11 15:31:55,355 [INFO]   [A_full_shrink-FT] Epoch 1/30: CA=10.02%, ASR=0.00%
2026-05-11 15:32:05,289 [INFO]   [A_full_shrink-FT] Epoch 10/30: CA=28.14%, ASR=7.02%
2026-05-11 15:32:16,369 [INFO]   [A_full_shrink-FT] Epoch 20/30: CA=38.51%, ASR=6.22%
2026-05-11 15:32:27,479 [INFO]   [A_full_shrink-FT] Epoch 30/30: CA=44.22%, ASR=5.84%
2026-05-11 15:32:27,480 [INFO] After FT: CA=44.22%, ASR=5.84%
2026-05-11 15:32:27,481 [INFO] 
============================================================
2026-05-11 15:32:27,481 [INFO] Config: B_reset_unlearn
2026-05-11 15:32:27,481 [INFO] Params: {'top_ratio': 0.15, 'do_sharpness': False, 'do_reset': True, 'reset_strategy': 'shrink', 'reset_ratio': 0.7, 'do_unlearn': True, 'unlearn_epochs': 30, 'unlearn_lr': 0.01}
2026-05-11 15:32:27,481 [INFO] ============================================================
2026-05-11 15:32:28,266 [INFO] Before defense: CA=93.02%, ASR=99.88%
2026-05-11 15:32:28,267 [INFO] === Step 1: Backdoor Subspace Identification ===
2026-05-11 15:32:28,753 [INFO]   Subspace: 1676095/11173962 params (15.0%)
2026-05-11 15:32:28,754 [INFO] === Step 3: Subspace Reset (strategy=shrink, ratio=0.7) ===
2026-05-11 15:32:28,761 [INFO]   Shrunk 1676095 parameters by factor 0.30
2026-05-11 15:32:29,490 [INFO] After Step 3: CA=10.00%, ASR=100.00%
2026-05-11 15:32:29,490 [INFO] === Step 4: Backdoor Unlearning (30 epochs, lr=0.01) ===
2026-05-11 15:32:30,308 [INFO]   [Unlearn] Epoch 1/30: loss=-0.5043, CA~35.9%, ASR~6.2%
2026-05-11 15:32:30,308 [INFO]   ABORT: CA too low (35.9%). Stopping unlearning.
2026-05-11 15:32:30,308 [INFO]   Unlearning complete.
2026-05-11 15:32:31,040 [INFO] After Step 4: CA=31.30%, ASR=12.97%
2026-05-11 15:32:31,041 [INFO] === B_reset_unlearn-FT: 30 epochs, lr=0.005 ===
2026-05-11 15:32:32,158 [INFO]   [B_reset_unlearn-FT] Epoch 1/30: CA=75.87%, ASR=9.99%
2026-05-11 15:32:42,141 [INFO]   [B_reset_unlearn-FT] Epoch 10/30: CA=86.34%, ASR=3.58%
2026-05-11 15:32:53,285 [INFO]   [B_reset_unlearn-FT] Epoch 20/30: CA=87.37%, ASR=3.08%
2026-05-11 15:33:04,472 [INFO]   [B_reset_unlearn-FT] Epoch 30/30: CA=88.17%, ASR=3.03%
2026-05-11 15:33:04,473 [INFO] After FT: CA=88.17%, ASR=3.03%
2026-05-11 15:33:04,474 [INFO] 
============================================================
2026-05-11 15:33:04,474 [INFO] Config: C_zero_unlearn
2026-05-11 15:33:04,474 [INFO] Params: {'top_ratio': 0.15, 'do_sharpness': False, 'do_reset': True, 'reset_strategy': 'zero_top', 'reset_ratio': 0.5, 'do_unlearn': True, 'unlearn_epochs': 20, 'unlearn_lr': 0.005}
2026-05-11 15:33:04,474 [INFO] ============================================================
2026-05-11 15:33:05,264 [INFO] Before defense: CA=93.02%, ASR=99.88%
2026-05-11 15:33:05,265 [INFO] === Step 1: Backdoor Subspace Identification ===
2026-05-11 15:33:05,778 [INFO]   Subspace: 1676095/11173962 params (15.0%)
2026-05-11 15:33:05,780 [INFO] === Step 3: Subspace Reset (strategy=zero_top, ratio=0.5) ===
2026-05-11 15:33:05,820 [INFO]   Zeroed 838048 parameters (top 50% by magnitude)
2026-05-11 15:33:06,539 [INFO] After Step 3: CA=10.00%, ASR=100.00%
2026-05-11 15:33:06,539 [INFO] === Step 4: Backdoor Unlearning (20 epochs, lr=0.005) ===
2026-05-11 15:33:07,374 [INFO]   [Unlearn] Epoch 1/20: loss=2.2007, CA~17.2%, ASR~29.7%
2026-05-11 15:33:07,374 [INFO]   ABORT: CA too low (17.2%). Stopping unlearning.
2026-05-11 15:33:07,374 [INFO]   Unlearning complete.
2026-05-11 15:33:08,107 [INFO] After Step 4: CA=13.65%, ASR=36.76%
2026-05-11 15:33:08,107 [INFO] === C_zero_unlearn-FT: 30 epochs, lr=0.005 ===
2026-05-11 15:33:09,196 [INFO]   [C_zero_unlearn-FT] Epoch 1/30: CA=16.79%, ASR=37.04%
2026-05-11 15:33:19,277 [INFO]   [C_zero_unlearn-FT] Epoch 10/30: CA=40.03%, ASR=10.83%
2026-05-11 15:33:30,454 [INFO]   [C_zero_unlearn-FT] Epoch 20/30: CA=48.44%, ASR=6.02%
2026-05-11 15:33:41,580 [INFO]   [C_zero_unlearn-FT] Epoch 30/30: CA=51.40%, ASR=7.74%
2026-05-11 15:33:41,581 [INFO] After FT: CA=51.40%, ASR=7.74%
2026-05-11 15:33:41,581 [INFO] 
============================================================
2026-05-11 15:33:41,581 [INFO] Config: D_unlearn_only
2026-05-11 15:33:41,581 [INFO] Params: {'top_ratio': 0.1, 'do_sharpness': False, 'do_reset': False, 'do_unlearn': True, 'unlearn_epochs': 50, 'unlearn_lr': 0.01}
2026-05-11 15:33:41,581 [INFO] ============================================================
2026-05-11 15:33:42,357 [INFO] Before defense: CA=93.02%, ASR=99.88%
2026-05-11 15:33:42,358 [INFO] === Step 1: Backdoor Subspace Identification ===
2026-05-11 15:33:42,902 [INFO]   Subspace: 1117397/11173962 params (10.0%)
2026-05-11 15:33:42,903 [INFO] === Step 4: Backdoor Unlearning (50 epochs, lr=0.01) ===
2026-05-11 15:33:43,783 [INFO]   [Unlearn] Epoch 1/50: loss=-4.1166, CA~93.8%, ASR~0.0%
2026-05-11 15:33:46,584 [INFO]   [Unlearn] Epoch 5/50: loss=-32.2137, CA~83.6%, ASR~0.0%
2026-05-11 15:33:50,089 [INFO]   [Unlearn] Epoch 10/50: loss=-79.0989, CA~93.0%, ASR~0.0%
2026-05-11 15:33:53,480 [INFO]   [Unlearn] Epoch 15/50: loss=-132.4897, CA~83.6%, ASR~0.0%
2026-05-11 15:33:56,902 [INFO]   [Unlearn] Epoch 20/50: loss=-191.5188, CA~91.4%, ASR~0.0%
2026-05-11 15:34:00,301 [INFO]   [Unlearn] Epoch 25/50: loss=-256.7236, CA~90.6%, ASR~0.9%
2026-05-11 15:34:03,657 [INFO]   [Unlearn] Epoch 30/50: loss=-325.7746, CA~87.5%, ASR~0.9%
2026-05-11 15:34:07,034 [INFO]   [Unlearn] Epoch 35/50: loss=-404.3690, CA~91.4%, ASR~0.0%
2026-05-11 15:34:10,467 [INFO]   [Unlearn] Epoch 40/50: loss=-491.5052, CA~88.3%, ASR~0.0%
2026-05-11 15:34:13,948 [INFO]   [Unlearn] Epoch 45/50: loss=-563.9591, CA~75.0%, ASR~0.0%
2026-05-11 15:34:17,434 [INFO]   [Unlearn] Epoch 50/50: loss=-645.4665, CA~58.6%, ASR~0.0%
2026-05-11 15:34:17,434 [INFO]   ABORT: CA too low (58.6%). Stopping unlearning.
2026-05-11 15:34:17,434 [INFO]   Unlearning complete.
2026-05-11 15:34:18,168 [INFO] After Step 4: CA=56.05%, ASR=0.00%
2026-05-11 15:34:18,169 [INFO] === D_unlearn_only-FT: 30 epochs, lr=0.005 ===
2026-05-11 15:34:19,268 [INFO]   [D_unlearn_only-FT] Epoch 1/30: CA=9.92%, ASR=0.00%
2026-05-11 15:34:29,275 [INFO]   [D_unlearn_only-FT] Epoch 10/30: CA=9.84%, ASR=42.78%
2026-05-11 15:34:40,391 [INFO]   [D_unlearn_only-FT] Epoch 20/30: CA=21.44%, ASR=16.17%
2026-05-11 15:34:51,651 [INFO]   [D_unlearn_only-FT] Epoch 30/30: CA=24.75%, ASR=20.27%
2026-05-11 15:34:51,651 [INFO] After FT: CA=24.75%, ASR=20.27%
2026-05-11 15:34:51,651 [INFO] 
============================================================
2026-05-11 15:34:51,652 [INFO] Config: E_sharp_zero
2026-05-11 15:34:51,652 [INFO] Params: {'top_ratio': 0.2, 'do_sharpness': True, 'ascent_steps': 50, 'ascent_eps': 0.02, 'ascent_lr': 0.005, 'max_grad_norm': 2.0, 'do_reset': True, 'reset_strategy': 'zero_top', 'reset_ratio': 0.3, 'do_unlearn': True, 'unlearn_epochs': 20, 'unlearn_lr': 0.005}
2026-05-11 15:34:51,652 [INFO] ============================================================
2026-05-11 15:34:52,440 [INFO] Before defense: CA=93.02%, ASR=99.88%
2026-05-11 15:34:52,440 [INFO] === Step 1: Backdoor Subspace Identification ===
2026-05-11 15:34:52,935 [INFO]   Subspace: 2234793/11173962 params (20.0%)
2026-05-11 15:34:52,935 [INFO] === Step 2: Sharpness Ascent v2 (eps=0.02, lr=0.005, steps=50) ===
2026-05-11 15:34:53,273 [INFO]   Step 1/50: loss=0.1691, CA~93.0%, ASR~100.0%
2026-05-11 15:34:55,323 [INFO]   Step 10/50: loss=0.2061, CA~93.8%, ASR~100.0%
2026-05-11 15:34:57,680 [INFO]   Step 20/50: loss=0.2208, CA~91.4%, ASR~100.0%
2026-05-11 15:35:00,038 [INFO]   Step 30/50: loss=0.3580, CA~93.0%, ASR~100.0%
2026-05-11 15:35:02,692 [INFO]   Step 40/50: loss=0.3322, CA~88.3%, ASR~100.0%
2026-05-11 15:35:05,073 [INFO]   Step 50/50: loss=0.4204, CA~89.1%, ASR~100.0%
2026-05-11 15:35:05,810 [INFO] After Step 2: CA=90.62%, ASR=100.00%
2026-05-11 15:35:05,810 [INFO] === Step 3: Subspace Reset (strategy=zero_top, ratio=0.3) ===
2026-05-11 15:35:05,817 [INFO]   Zeroed 670438 parameters (top 30% by magnitude)
2026-05-11 15:35:06,539 [INFO] After Step 3: CA=10.00%, ASR=0.00%
2026-05-11 15:35:06,539 [INFO] === Step 4: Backdoor Unlearning (20 epochs, lr=0.005) ===
2026-05-11 15:35:07,363 [INFO]   [Unlearn] Epoch 1/20: loss=1.8691, CA~8.6%, ASR~0.0%
2026-05-11 15:35:07,363 [INFO]   ABORT: CA too low (8.6%). Stopping unlearning.
2026-05-11 15:35:07,363 [INFO]   Unlearning complete.
2026-05-11 15:35:08,077 [INFO] After Step 4: CA=8.95%, ASR=0.10%
2026-05-11 15:35:08,078 [INFO] === E_sharp_zero-FT: 30 epochs, lr=0.005 ===
2026-05-11 15:35:09,234 [INFO]   [E_sharp_zero-FT] Epoch 1/30: CA=15.06%, ASR=69.54%
2026-05-11 15:35:19,361 [INFO]   [E_sharp_zero-FT] Epoch 10/30: CA=39.16%, ASR=8.81%
2026-05-11 15:35:30,666 [INFO]   [E_sharp_zero-FT] Epoch 20/30: CA=46.07%, ASR=9.38%
2026-05-11 15:35:41,961 [INFO]   [E_sharp_zero-FT] Epoch 30/30: CA=49.19%, ASR=4.17%
2026-05-11 15:35:41,962 [INFO] After FT: CA=49.19%, ASR=4.17%
2026-05-11 15:35:41,962 [INFO] 
============================================================
2026-05-11 15:35:41,963 [INFO] FINAL COMPARISON
2026-05-11 15:35:41,963 [INFO] ============================================================
2026-05-11 15:35:41,963 [INFO] Config                    Before ASR   After BB ASR   After FT ASR   Final CA  
2026-05-11 15:35:41,963 [INFO] ---------------------------------------------------------------------------
2026-05-11 15:35:41,963 [INFO] A_full_shrink             99.88        0.69           5.84           44.22     
2026-05-11 15:35:41,963 [INFO] B_reset_unlearn           99.88        12.97          3.03           88.17     
2026-05-11 15:35:41,963 [INFO] C_zero_unlearn            99.88        36.76          7.74           51.40     
2026-05-11 15:35:41,963 [INFO] D_unlearn_only            99.88        0.00           20.27          24.75     
2026-05-11 15:35:41,963 [INFO] E_sharp_zero              99.88        0.10           4.17           49.19     
2026-05-11 15:35:41,963 [INFO] 
Reference: Standard FT only -> ASR ~92.96%
2026-05-11 15:35:41,963 [INFO] Results saved to: /root/workspace/aaai-backdoor/baselines/badnet+sbl/logs/0511_BasinBreaker防御实验/results_v2_20260511_153126.json
